[2019-08-22 15:04:54,869] ERROR {org.ballerinalang.net.http.HttpUtil} - failed to get element from json: array index out of range: index: 0, size: 0  
[2019-08-22 15:06:48,719] ERROR {org.ballerinalang.net.http.BallerinaHTTPConnectorListener} - Error in HTTP server connector: Remote client closed the connection before initiating inbound request  
[2019-08-23 14:34:54,720] ERROR {org.ballerinalang.net.http.HttpUtil} - NullReferenceException  
[2019-08-23 14:47:23,828] ERROR {org.ballerinalang.net.http.HttpUtil} - NullReferenceException  
[2019-08-23 14:48:11,584] ERROR {org.ballerinalang.net.http.BallerinaHTTPConnectorListener} - Error in HTTP server connector: Remote client closed the connection before initiating inbound request  
[2019-08-23 14:50:11,669] ERROR {org.ballerinalang.net.http.BallerinaHTTPConnectorListener} - Error in HTTP server connector: Idle timeout triggered before initiating inbound request  
[2019-08-23 14:50:27,603] WARN  {org.wso2.transport.http.netty.contractimpl.sender.TargetHandler} - Exception occurred in TargetHandler : Connection reset by peer  
[2019-08-23 14:50:27,646] ERROR {org.wso2.transport.http.netty.contractimpl.sender.states.RequestCompleted} - Remote host closed the connection before initiating inbound response  
[2019-08-23 14:50:48,096] ERROR {org.ballerinalang.net.http.BallerinaHTTPConnectorListener} - Error in HTTP server connector: Remote client closed the connection before initiating inbound request  
[2019-08-23 14:51:37,277] ERROR {org.ballerinalang.net.http.BallerinaHTTPConnectorListener} - Error in HTTP server connector: Remote client closed the connection before initiating inbound request  
[2019-08-23 14:53:26,055] WARN  {org.wso2.transport.http.netty.contractimpl.sender.TargetHandler} - Exception occurred in TargetHandler : Connection reset by peer  
[2019-08-23 14:53:26,086] ERROR {org.wso2.transport.http.netty.contractimpl.sender.states.RequestCompleted} - Remote host closed the connection before initiating inbound response  
[2019-08-23 14:53:26,163] WARN  {org.wso2.transport.http.netty.contractimpl.sender.TargetHandler} - Exception occurred in TargetHandler : Connection reset by peer  
[2019-08-23 14:53:26,172] ERROR {org.wso2.transport.http.netty.contractimpl.sender.states.RequestCompleted} - Remote host closed the connection before initiating inbound response  
[2019-08-26 10:06:52,023] ERROR {org.ballerinalang.net.http.BallerinaHTTPConnectorListener} - Error in HTTP server connector: Remote client closed the connection before initiating inbound request  
[2019-08-26 10:14:55,511] ERROR {org.ballerinalang.net.http.BallerinaHTTPConnectorListener} - Error in HTTP server connector: Remote client closed the connection before initiating inbound request  
[2019-08-26 10:17:17,526] WARN  {org.wso2.transport.http.netty.contractimpl.sender.TargetHandler} - Exception occurred in TargetHandler : Connection reset by peer  
[2019-08-26 10:17:17,561] ERROR {org.wso2.transport.http.netty.contractimpl.sender.states.RequestCompleted} - Remote host closed the connection before initiating inbound response  
[2019-08-26 10:17:35,552] ERROR {org.ballerinalang.net.http.BallerinaHTTPConnectorListener} - Error in HTTP server connector: Remote client closed the connection before initiating inbound request  
[2019-08-26 10:19:12,432] WARN  {org.wso2.transport.http.netty.contractimpl.sender.TargetHandler} - Exception occurred in TargetHandler : Connection reset by peer  
[2019-08-26 10:19:12,440] ERROR {org.wso2.transport.http.netty.contractimpl.sender.states.RequestCompleted} - Remote host closed the connection before initiating inbound response  
[2019-08-26 10:19:23,101] ERROR {org.ballerinalang.net.http.BallerinaHTTPConnectorListener} - Error in HTTP server connector: Remote client closed the connection before initiating inbound request  
[2019-08-26 10:19:35,543] ERROR {org.ballerinalang.net.http.BallerinaHTTPConnectorListener} - Error in HTTP server connector: Remote client closed the connection before initiating inbound request  
[2019-08-26 10:22:31,423] WARN  {org.wso2.transport.http.netty.contractimpl.sender.TargetHandler} - Exception occurred in TargetHandler : Connection reset by peer  
[2019-08-26 10:22:31,495] ERROR {org.wso2.transport.http.netty.contractimpl.sender.states.RequestCompleted} - Remote host closed the connection before initiating inbound response  
[2019-08-26 10:22:31,730] WARN  {org.wso2.transport.http.netty.contractimpl.sender.TargetHandler} - Exception occurred in TargetHandler : Connection reset by peer  
[2019-08-26 10:22:31,746] ERROR {org.wso2.transport.http.netty.contractimpl.sender.states.RequestCompleted} - Remote host closed the connection before initiating inbound response  
[2019-08-26 10:24:39,932] WARN  {org.wso2.transport.http.netty.contractimpl.sender.TargetHandler} - Exception occurred in TargetHandler : Connection reset by peer  
[2019-08-26 10:24:39,937] ERROR {org.wso2.transport.http.netty.contractimpl.sender.states.RequestCompleted} - Remote host closed the connection before initiating inbound response  
